Сборка начата 04.10.2023 22:01:17.
Уровень детализации журнала: Normal.     1>Проект "A:\High-level prommaing\Python\ADWM\Lab4\cpp\cv\cv.vcxproj" в узле 2 (целевые объекты Build).
     1>InitializeBuildStatus:
         Создание "x64\Debug\cv.tlog\unsuccessfulbuild", так как было задано "AlwaysCreate".
       ClCompile:
         C:\Program Files (x86)\Microsoft Visual Studio\2019\Professional\VC\Tools\MSVC\14.29.30133\bin\HostX86\x64\CL.exe /c /ZI /JMC /nologo /W3 /WX- /diagnostics:column /sdl /Od /D _DEBUG /D _CONSOLE /D _UNICODE /D UNICODE /Gm- /EHsc /RTC1 /MDd /GS /fp:precise /permissive- /Zc:wchar_t /Zc:forScope /Zc:inline /std:c++17 /Fo"x64\Debug\\" /Fd"x64\Debug\vc142.pdb" /external:W3 /Gd /TP /FC /errorReport:prompt cv.cpp
         cv.cpp
       Link:
         C:\Program Files (x86)\Microsoft Visual Studio\2019\Professional\VC\Tools\MSVC\14.29.30133\bin\HostX86\x64\link.exe /ERRORREPORT:PROMPT /OUT:"A:\High-level prommaing\Python\ADWM\Lab4\cpp\cv\x64\Debug\cv.exe" /INCREMENTAL /ILK:"x64\Debug\cv.ilk" /NOLOGO opencv_world460d.lib kernel32.lib user32.lib gdi32.lib winspool.lib comdlg32.lib advapi32.lib shell32.lib ole32.lib oleaut32.lib uuid.lib odbc32.lib odbccp32.lib /MANIFEST /MANIFESTUAC:"level='asInvoker' uiAccess='false'" /manifest:embed /DEBUG /PDB:"A:\High-level prommaing\Python\ADWM\Lab4\cpp\cv\x64\Debug\cv.pdb" /SUBSYSTEM:CONSOLE /TLBID:1 /DYNAMICBASE /NXCOMPAT /IMPLIB:"A:\High-level prommaing\Python\ADWM\Lab4\cpp\cv\x64\Debug\cv.lib" /MACHINE:X64 x64\Debug\cv.obj
         cv.vcxproj -> A:\High-level prommaing\Python\ADWM\Lab4\cpp\cv\x64\Debug\cv.exe
       FinalizeBuildStatus:
         Файл "x64\Debug\cv.tlog\unsuccessfulbuild" удаляется.
         Обращение к "x64\Debug\cv.tlog\cv.lastbuildstate".
     1>Сборка проекта "A:\High-level prommaing\Python\ADWM\Lab4\cpp\cv\cv.vcxproj" завершена (целевые объекты Build).

Итоги по проекту:
     2509 мс вызовов   1 A:\High-level prommaing\Python\ADWM\Lab4\cpp\cv\cv.vcxproj
               2509 мс вызовов   1 Build                                   

Итоги по целям:
        0 мс вызовов   1 AfterBuildCompileEvent                  
        0 мс вызовов   1 ResolvedXDCMake                         
        0 мс вызовов   1 RegisterOutput                          
        0 мс вызовов   1 _Manifest                               
        0 мс вызовов   1 _ALink                                  
        0 мс вызовов   1 _Link                                   
        0 мс вызовов   1 AfterLink                               
        0 мс вызовов   1 ComputeLinkImportLibraryOutputsForClean 
        0 мс вызовов   1 ComputeLinkSwitches                     
        0 мс вызовов   1 PreLinkEvent                            
        0 мс вызовов   1 DoLinkOutputFilesMatch                  
        0 мс вызовов   1 MakeDirsForLink                         
        0 мс вызовов   1 PrepareResourceNames                    
        0 мс вызовов   1 CreateCustomManifestResourceNames       
        0 мс вызовов   1 SplitResourcesByCulture                 
        0 мс вызовов   1 AssignTargetPaths                       
        0 мс вызовов   1 ComputeManifestInputsTargets            
        0 мс вызовов   1 ComputeLinkInputsFromProject            
        0 мс вызовов   1 ComputeCLGeneratedLinkInputs            
        0 мс вызовов   1 ComputeCLOutputs                        
        0 мс вызовов   1 ComputeManifestGeneratedLinkerInputs    
        0 мс вызовов   1 ComputeRCGeneratedLinkInputs            
        0 мс вызовов   1 ComputeRCOutputs                        
        0 мс вызовов   1 BeforeLink                              
        0 мс вызовов   1 BuildLinkTraverse                       
        0 мс вызовов   1 BuildCompile                            
        0 мс вызовов   1 ComputeCLCompileGeneratedXDCFiles       
        0 мс вызовов   1 MakeDirsForXdcMake                      
        0 мс вызовов   1 _XdcMake                                
        0 мс вызовов   1 ComputeCLCompileGeneratedSbrFiles       
        0 мс вызовов   1 IncrementalClean                        
        0 мс вызовов   1 _CleanGetCurrentAndPriorFileWrites      
        0 мс вызовов   1 AfterBuild                              
        0 мс вызовов   1 BuildLink                               
        0 мс вызовов   1 _BuildLinkAction                        
        0 мс вызовов   1 PostBuildEvent                          
        0 мс вызовов   1 PrepareForRun                           
        0 мс вызовов   1 CopyFilesToOutputDirectory              
        0 мс вызовов   1 _CheckForCompileOutputs                 
        0 мс вызовов   1 _CopySourceItemsToOutputDirectory       
        0 мс вызовов   1 _GetCopyToOutputDirectoryItemsFromThisProject
        0 мс вызовов   1 _GetCopyToOutputDirectoryItemsFromTransitiveProjectReferences
        0 мс вызовов   1 _BuildCompileAction                     
        0 мс вызовов   1 GetCopyToOutputDirectoryItems           
        0 мс вызовов   1 _PopulateCommonStateForGetCopyToOutputDirectoryItems
        0 мс вызовов   1 _Deploy                                 
        0 мс вызовов   1 _Appverifier                            
        0 мс вызовов   1 CreateSatelliteAssemblies               
        0 мс вызовов   1 _GenerateSatelliteAssemblyInputs        
        0 мс вызовов   1 CreateRecipeFile                        
        0 мс вызовов   1 ContentFilesProjectOutputGroup          
        0 мс вызовов   1 MakeDirsForFxc                          
        0 мс вызовов   1 SatelliteDllsProjectOutputGroup         
        0 мс вызовов   1 BuiltProjectOutputGroup                 
        0 мс вызовов   1 _BscMake                                
        0 мс вызовов   1 MakeDirsForBscMake                      
        0 мс вызовов   1 GetCopyToOutputDirectoryXamlAppDefs     
        0 мс вызовов   1 FinalizeBuildStatus                     
        0 мс вызовов   1 Build                                   
        0 мс вызовов   1 AfterResourceCompile                    
        0 мс вызовов   1 PreBuildEvent                           
        0 мс вызовов   1 BeforeBuildGenerateSources              
        0 мс вызовов   1 BuildGenerateSourcesTraverse            
        0 мс вызовов   1 ResolveReferences                       
        0 мс вызовов   1 AfterResolveReferences                  
        0 мс вызовов   1 ResolveAssemblyReferences               
        0 мс вызовов   1 ExpandSDKReferences                     
        0 мс вызовов   1 ResolveSDKReferences                    
        0 мс вызовов   1 PrepareForBuild                         
        0 мс вызовов   1 SetCABuildNativeEnvironmentVariables    
        0 мс вызовов   1 _CheckWindowsSDKInstalled               
        0 мс вызовов   1 GetResolvedWinMD                        
        0 мс вызовов   1 _SelectedFiles                          
        0 мс вызовов   1 SetBuildDefaultEnvironmentVariables     
        0 мс вызовов   1 GetReferenceAssemblyPaths               
        0 мс вызовов   1 GetFrameworkPaths                       
        0 мс вызовов   1 ResolveProjectReferences                
        0 мс вызовов   1 PrepareProjectReferences                
        0 мс вызовов   1 _GetProjectReferenceTargetFrameworkProperties
        0 мс вызовов   1 _AddOutputPathToGlobalPropertiesToRemove
        0 мс вызовов   1 _SplitProjectReferencesByFileExistence  
        0 мс вызовов   1 AssignProjectConfiguration              
        0 мс вызовов   1 BeforeResolveReferences                 
        0 мс вызовов   1 _PrepareForReferenceResolution          
        0 мс вызовов   1 _PrepareForBuild                        
        0 мс вызовов   1 SetTelemetryEnvironmentVariables        
        0 мс вызовов   1 AddExternalIncludDirectoriesToPaths     
        0 мс вызовов   1 _ResourceCompile                        
        0 мс вызовов   1 SelectCustomBuild                       
        0 мс вызовов   1 CustomBuild                             
        0 мс вызовов   1 MakeDirsForResourceCompile              
        0 мс вызовов   1 BeforeResourceCompile                   
        0 мс вызовов   1 _ClCompile                              
        0 мс вызовов   1 AfterClCompile                          
        0 мс вызовов   1 SelectClCompile                         
        0 мс вызовов   1 FixupCLCompileOptions                   
        0 мс вызовов   1 WarnCompileDuplicatedFilename           
        0 мс вызовов   1 ComputeReferenceCLInput                 
        0 мс вызовов   1 GetReferencedVCProjectsInfo             
        0 мс вызовов   1 FindReferenceAssembliesForReferences    
        0 мс вызовов   1 ComputeCustomBuildOutput                
        0 мс вызовов   1 BeforeClCompile                         
        0 мс вызовов   1 ComputeCLInputPDBName                   
        0 мс вызовов   1 BuildGenerateSources                    
        0 мс вызовов   1 _BuildGenerateSourcesAction             
        0 мс вызовов   1 AfterBuildGenerateSourcesEvent          
        0 мс вызовов   1 AfterBuildGenerateSources               
        0 мс вызовов   1 CopyFileToFolders                       
        0 мс вызовов   1 _Midl                                   
        0 мс вызовов   1 AfterMidl                               
        0 мс вызовов   1 _Xsd                                    
        0 мс вызовов   1 BuildCompileTraverse                    
        0 мс вызовов   1 MakeDirsForMidl                         
        0 мс вызовов   1 ComputeMIDLGeneratedCompileInputs       
       16 мс вызовов   1 _CheckForInvalidConfigurationAndPlatform
       16 мс вызовов   1 MakeDirsForCl                           
       16 мс вызовов   1 InitializeBuildStatus                   
       16 мс вызовов   1 ComputeLegacyManifestEmbedding          
      285 мс вызовов   1 Link                                    
     2146 мс вызовов   1 ClCompile                               

Сборка успешно завершена.
    Предупреждений: 0
    Ошибок: 0

Прошло времени 00:00:02.50
